/home/parallels/Desktop/edk2-exynos7885/workspace/Build/EXYNOS7885Pkg/DEBUG_GCC5/AARCH64/MdeModulePkg/Universal/Disk/PartitionDxe/PartitionDxe/OUTPUT/PartitionDxe.lib
/home/parallels/Desktop/edk2-exynos7885/workspace/Build/EXYNOS7885Pkg/DEBUG_GCC5/AARCH64/MdePkg/Library/DxePcdLib/DxePcdLib/OUTPUT/DxePcdLib.lib
/home/parallels/Desktop/edk2-exynos7885/workspace/Build/EXYNOS7885Pkg/DEBUG_GCC5/AARCH64/MdePkg/Library/BaseLib/BaseLib/OUTPUT/BaseLib.lib
/home/parallels/Desktop/edk2-exynos7885/workspace/Build/EXYNOS7885Pkg/DEBUG_GCC5/AARCH64/MdePkg/Library/BaseMemoryLibOptDxe/BaseMemoryLibOptDxe/OUTPUT/BaseMemoryLibOptDxe.lib
/home/parallels/Desktop/edk2-exynos7885/workspace/Build/EXYNOS7885Pkg/DEBUG_GCC5/AARCH64/ArmPkg/Library/ArmLib/ArmBaseLib/OUTPUT/ArmBaseLib.lib
/home/parallels/Desktop/edk2-exynos7885/workspace/Build/EXYNOS7885Pkg/DEBUG_GCC5/AARCH64/MdePkg/Library/RegisterFilterLibNull/RegisterFilterLibNull/OUTPUT/FilterLibNull.lib
/home/parallels/Desktop/edk2-exynos7885/workspace/Build/EXYNOS7885Pkg/DEBUG_GCC5/AARCH64/ArmPkg/Library/ArmCacheMaintenanceLib/ArmCacheMaintenanceLib/OUTPUT/ArmCacheMaintenanceLib.lib
/home/parallels/Desktop/edk2-exynos7885/workspace/Build/EXYNOS7885Pkg/DEBUG_GCC5/AARCH64/MdePkg/Library/BaseIoLibIntrinsic/BaseIoLibIntrinsic/OUTPUT/BaseIoLibIntrinsic.lib
/home/parallels/Desktop/edk2-exynos7885/workspace/Build/EXYNOS7885Pkg/DEBUG_GCC5/AARCH64/ArmPkg/Library/CompilerIntrinsicsLib/CompilerIntrinsicsLib/OUTPUT/CompilerIntrinsicsLib.lib
/home/parallels/Desktop/edk2-exynos7885/workspace/Build/EXYNOS7885Pkg/DEBUG_GCC5/AARCH64/MdePkg/Library/BaseDebugPrintErrorLevelLib/BaseDebugPrintErrorLevelLib/OUTPUT/BaseDebugPrintErrorLevelLib.lib
/home/parallels/Desktop/edk2-exynos7885/workspace/Build/EXYNOS7885Pkg/DEBUG_GCC5/AARCH64/MdePkg/Library/BasePrintLib/BasePrintLib/OUTPUT/BasePrintLib.lib
/home/parallels/Desktop/edk2-exynos7885/workspace/Build/EXYNOS7885Pkg/DEBUG_GCC5/AARCH64/EXYNOS7885Pkg/Library/FrameBufferSerialPortLib/FrameBufferSerialPortLib/OUTPUT/FrameBufferSerialPortLib.lib
/home/parallels/Desktop/edk2-exynos7885/workspace/Build/EXYNOS7885Pkg/DEBUG_GCC5/AARCH64/MdePkg/Library/BaseDebugLibSerialPort/BaseDebugLibSerialPort/OUTPUT/BaseDebugLibSerialPort.lib
/home/parallels/Desktop/edk2-exynos7885/workspace/Build/EXYNOS7885Pkg/DEBUG_GCC5/AARCH64/MdePkg/Library/UefiMemoryAllocationLib/UefiMemoryAllocationLib/OUTPUT/UefiMemoryAllocationLib.lib
/home/parallels/Desktop/edk2-exynos7885/workspace/Build/EXYNOS7885Pkg/DEBUG_GCC5/AARCH64/MdePkg/Library/UefiRuntimeServicesTableLib/UefiRuntimeServicesTableLib/OUTPUT/UefiRuntimeServicesTableLib.lib
/home/parallels/Desktop/edk2-exynos7885/workspace/Build/EXYNOS7885Pkg/DEBUG_GCC5/AARCH64/MdePkg/Library/UefiBootServicesTableLib/UefiBootServicesTableLib/OUTPUT/UefiBootServicesTableLib.lib
/home/parallels/Desktop/edk2-exynos7885/workspace/Build/EXYNOS7885Pkg/DEBUG_GCC5/AARCH64/MdePkg/Library/UefiDevicePathLib/UefiDevicePathLib/OUTPUT/UefiDevicePathLib.lib
/home/parallels/Desktop/edk2-exynos7885/workspace/Build/EXYNOS7885Pkg/DEBUG_GCC5/AARCH64/MdePkg/Library/UefiLib/UefiLib/OUTPUT/UefiLib.lib
/home/parallels/Desktop/edk2-exynos7885/workspace/Build/EXYNOS7885Pkg/DEBUG_GCC5/AARCH64/MdePkg/Library/DxeHobLib/DxeHobLib/OUTPUT/DxeHobLib.lib
/home/parallels/Desktop/edk2-exynos7885/workspace/Build/EXYNOS7885Pkg/DEBUG_GCC5/AARCH64/MdePkg/Library/UefiDriverEntryPoint/UefiDriverEntryPoint/OUTPUT/UefiDriverEntryPoint.lib
/home/parallels/Desktop/edk2-exynos7885/workspace/Build/EXYNOS7885Pkg/DEBUG_GCC5/AARCH64/MdePkg/Library/BaseStackCheckLib/BaseStackCheckLib/OUTPUT/BaseStackCheckLib.lib